\BOOKMARK [0][-]{Doc-Start}{\376\377\144\130\000\040\211\201}{}% 1
\BOOKMARK [0][-]{Doc-Start}{\376\377\000A\000b\000t\000r\000a\000c\000t}{}% 2
\BOOKMARK [0][-]{chapter*.1}{\376\377\166\356\000\040\137\125}{}% 3
\BOOKMARK [0][-]{chapter.1}{\376\377\145\366\217\320\116\015\237\120\377\014\124\175\220\024\131\032\202\033}{}% 4
\BOOKMARK [1][-]{section.1.1}{\376\377\143\322\121\145\126\376\162\107}{chapter.1}% 5
\BOOKMARK [1][-]{section.1.2}{\376\377\143\322\121\145\210\150\150\074}{chapter.1}% 6
\BOOKMARK [1][-]{section.1.3}{\376\377\143\322\121\145\121\154\137\017}{chapter.1}% 7
\BOOKMARK [2][-]{subsection.1.3.1}{\376\377\116\011\134\072\137\256\124\175\377\014\116\000\116\313\116\146\165\037}{section.1.3}% 8
\BOOKMARK [1][-]{section.1.4}{\376\377\143\322\121\145\123\302\200\003\145\207\163\056}{chapter.1}% 9
\BOOKMARK [0][-]{chapter.2}{\376\377\214\153\172\340\145\105\220\341\377\014\155\052\220\375\145\260\136\234}{}% 10
\BOOKMARK [1][-]{section.2.1}{\376\377\123\103\221\314\220\042\217\316}{chapter.2}% 11
\BOOKMARK [1][-]{section.2.2}{\376\377\232\330\147\013\156\341\136\247}{chapter.2}% 12
\BOOKMARK [1][-]{section.2.3}{\376\377\201\176\206\337\215\167\121\344\377\014\133\137\133\146\130\353\116\113\213\315\133\227}{chapter.2}% 13
\BOOKMARK [0][-]{chapter.3}{\376\377\145\366\176\364\116\135\147\010\377\014\136\217\134\136\116\011\171\313}{}% 14
\BOOKMARK [1][-]{section.3.1}{\376\377\157\146\154\064\134\075\200\014\133\322\157\155\156\005}{chapter.3}% 15
\BOOKMARK [1][-]{section.3.2}{\376\377\160\337\121\111\121\335\200\014\146\256\134\161\175\053}{chapter.3}% 16
\BOOKMARK [0][-]{chapter.4}{\376\377\220\145\211\137\165\053\165\105\377\014\220\070\121\164\220\104\230\336}{}% 17
\BOOKMARK [1][-]{section.4.1}{\376\377\204\075\227\036\116\016\133\144\236\134\237\120\230\336\377\014\171\313\154\064\121\161\225\177\131\051\116\000\202\162}{chapter.4}% 18
\BOOKMARK [0][-]{chapter.5}{\376\377\172\340\202\202\150\007\230\230}{}% 19
\BOOKMARK [1][-]{section.5.1}{\376\377\116\000\176\247\202\202\150\007\230\230}{chapter.5}% 20
\BOOKMARK [2][-]{subsection.5.1.1}{\376\377\116\214\176\247\202\202\150\007\230\230}{section.5.1}% 21
\BOOKMARK [2][-]{subsection.5.1.2}{\376\377\116\214\176\247\202\202\150\007\230\230}{section.5.1}% 22
\BOOKMARK [1][-]{section.5.2}{\376\377\116\000\176\247\202\202\150\007\230\230}{chapter.5}% 23
\BOOKMARK [2][-]{subsection.5.2.1}{\376\377\116\214\176\247\202\202\150\007\230\230}{section.5.2}% 24
\BOOKMARK [2][-]{subsection.5.2.2}{\376\377\116\214\176\247\202\202\150\007\230\230}{section.5.2}% 25
\BOOKMARK [1][-]{section.5.3}{\376\377\116\000\176\247\202\202\150\007\230\230}{chapter.5}% 26
\BOOKMARK [2][-]{subsection.5.3.1}{\376\377\116\214\176\247\202\202\150\007\230\230}{section.5.3}% 27
\BOOKMARK [2][-]{subsection.5.3.2}{\376\377\116\214\176\247\202\202\150\007\230\230}{section.5.3}% 28
\BOOKMARK [1][-]{section.5.4}{\376\377\116\000\176\247\202\202\150\007\230\230}{chapter.5}% 29
\BOOKMARK [2][-]{subsection.5.4.1}{\376\377\116\214\176\247\202\202\150\007\230\230}{section.5.4}% 30
\BOOKMARK [0][-]{section*.8}{\376\377\123\302\200\003\145\207\163\056}{}% 31
\BOOKMARK [0][-]{chapter*.9}{\376\377\226\104\000\040\137\125}{}% 32
\BOOKMARK [0][-]{chapter*.10}{\376\377\201\364\000\040\214\042}{}% 33
\BOOKMARK [0][-]{chapter*.12}{\376\377\117\134\200\005\127\050\213\373\147\037\225\364\171\321\170\024\142\020\147\234\173\200\116\313}{}% 34
